0    [main] INFO  org.eclipse.jetty.server.Server  – jetty-8.1.10.v20130312
13   [main] INFO  org.eclipse.jetty.deploy.providers.ScanningAppProvider  – Deployment monitor /home/student/Projects/Building-Oregon/jetty/contexts at interval 0
17   [main] INFO  org.eclipse.jetty.deploy.DeploymentManager  – Deployable added: /home/student/Projects/Building-Oregon/jetty/contexts/solr.xml
51   [main] INFO  org.eclipse.jetty.webapp.WebInfConfiguration  – Extract jar:file:/home/student/Projects/Building-Oregon/jetty/webapps/solr.war!/ to /home/student/Projects/Building-Oregon/jetty/solr-webapp/webapp
1029 [main] INFO  org.eclipse.jetty.webapp.StandardDescriptorProcessor  – NO JSP Support for /solr, did not find org.apache.jasper.servlet.JspServlet
1066 [main] INFO  org.apache.solr.servlet.SolrDispatchFilter  – SolrDispatchFilter.init()
1080 [main] INFO  org.apache.solr.core.SolrResourceLoader  – JNDI not configured for solr (NoInitialContextEx)
1080 [main] INFO  org.apache.solr.core.SolrResourceLoader  – using system property solr.solr.home: /home/student/Projects/Building-Oregon/jetty/solr
1080 [main] INFO  org.apache.solr.core.SolrResourceLoader  – new SolrResourceLoader for directory: '/home/student/Projects/Building-Oregon/jetty/solr/'
1081 [main] INFO  org.apache.solr.core.SolrResourceLoader  – Adding 'file:/home/student/Projects/Building-Oregon/jetty/solr/lib/solr-clustering-4.9.0.jar' to classloader
1081 [main] INFO  org.apache.solr.core.SolrResourceLoader  – Adding 'file:/home/student/Projects/Building-Oregon/jetty/solr/lib/solr-langid-4.9.0.jar' to classloader
1082 [main] INFO  org.apache.solr.core.SolrResourceLoader  – Adding 'file:/home/student/Projects/Building-Oregon/jetty/solr/lib/contrib/' to classloader
1082 [main] INFO  org.apache.solr.core.SolrResourceLoader  – Adding 'file:/home/student/Projects/Building-Oregon/jetty/solr/lib/solr-analysis-extras-4.9.0.jar' to classloader
1151 [main] INFO  org.apache.solr.core.ConfigSolr  – Loading container configuration from /home/student/Projects/Building-Oregon/jetty/solr/solr.xml
1227 [main] INFO  org.apache.solr.core.CoreContainer  – New CoreContainer 1802817309
1228 [main] INFO  org.apache.solr.core.CoreContainer  – Loading cores into CoreContainer [instanceDir=/home/student/Projects/Building-Oregon/jetty/solr/]
1230 [main] INFO  org.apache.solr.core.CoreContainer  – loading shared library: /home/student/Projects/Building-Oregon/jetty/solr/lib
1230 [main] INFO  org.apache.solr.core.SolrResourceLoader  – Adding 'file:/home/student/Projects/Building-Oregon/jetty/solr/lib/solr-clustering-4.9.0.jar' to classloader
1230 [main] INFO  org.apache.solr.core.SolrResourceLoader  – Adding 'file:/home/student/Projects/Building-Oregon/jetty/solr/lib/solr-langid-4.9.0.jar' to classloader
1231 [main] INFO  org.apache.solr.core.SolrResourceLoader  – Adding 'file:/home/student/Projects/Building-Oregon/jetty/solr/lib/contrib/' to classloader
1231 [main] INFO  org.apache.solr.core.SolrResourceLoader  – Adding 'file:/home/student/Projects/Building-Oregon/jetty/solr/lib/solr-analysis-extras-4.9.0.jar' to classloader
1241 [main] INFO  org.apache.solr.handler.component.HttpShardHandlerFactory  – Setting socketTimeout to: 0
1242 [main] INFO  org.apache.solr.handler.component.HttpShardHandlerFactory  – Setting urlScheme to: null
1244 [main] INFO  org.apache.solr.handler.component.HttpShardHandlerFactory  – Setting connTimeout to: 0
1244 [main] INFO  org.apache.solr.handler.component.HttpShardHandlerFactory  – Setting maxConnectionsPerHost to: 20
1245 [main] INFO  org.apache.solr.handler.component.HttpShardHandlerFactory  – Setting corePoolSize to: 0
1245 [main] INFO  org.apache.solr.handler.component.HttpShardHandlerFactory  – Setting maximumPoolSize to: 2147483647
1245 [main] INFO  org.apache.solr.handler.component.HttpShardHandlerFactory  – Setting maxThreadIdleTime to: 5
1245 [main] INFO  org.apache.solr.handler.component.HttpShardHandlerFactory  – Setting sizeOfQueue to: -1
1245 [main] INFO  org.apache.solr.handler.component.HttpShardHandlerFactory  – Setting fairnessPolicy to: false
1359 [main] INFO  org.apache.solr.logging.LogWatcher  – SLF4J impl is org.slf4j.impl.Log4jLoggerFactory
1359 [main] INFO  org.apache.solr.logging.LogWatcher  – Registering Log Listener [Log4j (org.slf4j.impl.Log4jLoggerFactory)]
1360 [main] INFO  org.apache.solr.core.CoreContainer  – Host Name: 
1387 [coreLoadExecutor-5-thread-1] INFO  org.apache.solr.core.SolrResourceLoader  – new SolrResourceLoader for directory: '/home/student/Projects/Building-Oregon/jetty/solr/blacklight-core/'
1416 [coreLoadExecutor-5-thread-1] INFO  org.apache.solr.core.SolrConfig  – Adding specified lib dirs to ClassLoader
1416 [coreLoadExecutor-5-thread-1] INFO  org.apache.solr.core.SolrResourceLoader  – Adding 'file:/home/student/Projects/Building-Oregon/jetty/solr/lib/contrib/analysis-extras/lib/morfologik-fsa-1.7.1.jar' to classloader
1416 [coreLoadExecutor-5-thread-1] INFO  org.apache.solr.core.SolrResourceLoader  – Adding 'file:/home/student/Projects/Building-Oregon/jetty/solr/lib/contrib/analysis-extras/lib/morfologik-stemming-1.7.1.jar' to classloader
1417 [coreLoadExecutor-5-thread-1] INFO  org.apache.solr.core.SolrResourceLoader  – Adding 'file:/home/student/Projects/Building-Oregon/jetty/solr/lib/contrib/analysis-extras/lib/morfologik-polish-1.7.1.jar' to classloader
1417 [coreLoadExecutor-5-thread-1] INFO  org.apache.solr.core.SolrResourceLoader  – Adding 'file:/home/student/Projects/Building-Oregon/jetty/solr/lib/contrib/analysis-extras/lib/icu4j-53.1.jar' to classloader
1417 [coreLoadExecutor-5-thread-1] INFO  org.apache.solr.core.SolrResourceLoader  – Adding 'file:/home/student/Projects/Building-Oregon/jetty/solr/lib/contrib/analysis-extras/lucene-libs/lucene-analyzers-stempel-4.9.0.jar' to classloader
1417 [coreLoadExecutor-5-thread-1] INFO  org.apache.solr.core.SolrResourceLoader  – Adding 'file:/home/student/Projects/Building-Oregon/jetty/solr/lib/contrib/analysis-extras/lucene-libs/lucene-analyzers-smartcn-4.9.0.jar' to classloader
1418 [coreLoadExecutor-5-thread-1] INFO  org.apache.solr.core.SolrResourceLoader  – Adding 'file:/home/student/Projects/Building-Oregon/jetty/solr/lib/contrib/analysis-extras/lucene-libs/lucene-analyzers-icu-4.9.0.jar' to classloader
1418 [coreLoadExecutor-5-thread-1] INFO  org.apache.solr.core.SolrResourceLoader  – Adding 'file:/home/student/Projects/Building-Oregon/jetty/solr/lib/contrib/analysis-extras/lucene-libs/lucene-analyzers-morfologik-4.9.0.jar' to classloader
1494 [coreLoadExecutor-5-thread-1] INFO  org.apache.solr.core.SolrConfig  – Using Lucene MatchVersion: LUCENE_4_0
1554 [coreLoadExecutor-5-thread-1] INFO  org.apache.solr.core.Config  – Loaded SolrConfig: solrconfig.xml
1557 [coreLoadExecutor-5-thread-1] INFO  org.apache.solr.schema.IndexSchema  – Reading Solr Schema from schema.xml
1591 [coreLoadExecutor-5-thread-1] INFO  org.apache.solr.schema.IndexSchema  – [blacklight-core] Schema name=Blacklight Demo Index
1649 [coreLoadExecutor-5-thread-1] WARN  org.apache.solr.core.SolrResourceLoader  – Solr loaded a deprecated plugin/analysis class [solr.IntField]. Please consult documentation how to replace it accordingly.
1652 [coreLoadExecutor-5-thread-1] WARN  org.apache.solr.core.SolrResourceLoader  – Solr loaded a deprecated plugin/analysis class [solr.LongField]. Please consult documentation how to replace it accordingly.
1655 [coreLoadExecutor-5-thread-1] WARN  org.apache.solr.core.SolrResourceLoader  – Solr loaded a deprecated plugin/analysis class [solr.FloatField]. Please consult documentation how to replace it accordingly.
1658 [coreLoadExecutor-5-thread-1] WARN  org.apache.solr.core.SolrResourceLoader  – Solr loaded a deprecated plugin/analysis class [solr.DoubleField]. Please consult documentation how to replace it accordingly.
1667 [coreLoadExecutor-5-thread-1] WARN  org.apache.solr.core.SolrResourceLoader  – Solr loaded a deprecated plugin/analysis class [solr.DateField]. Please consult documentation how to replace it accordingly.
1764 [coreLoadExecutor-5-thread-1] INFO  org.apache.solr.schema.IndexSchema  – default search field in schema is text
1765 [coreLoadExecutor-5-thread-1] INFO  org.apache.solr.schema.IndexSchema  – query parser default operator is OR
1766 [coreLoadExecutor-5-thread-1] INFO  org.apache.solr.schema.IndexSchema  – unique key field: id
1840 [coreLoadExecutor-5-thread-1] INFO  org.apache.solr.core.CoreContainer  – Creating SolrCore 'blacklight-core' using configuration from instancedir /home/student/Projects/Building-Oregon/jetty/solr/blacklight-core/
1848 [coreLoadExecutor-5-thread-1] INFO  org.apache.solr.core.SolrCore  – solr.StandardDirectoryFactory
1852 [coreLoadExecutor-5-thread-1] INFO  org.apache.solr.core.SolrCore  – [blacklight-core] Opening new SolrCore at /home/student/Projects/Building-Oregon/jetty/solr/blacklight-core/, dataDir=/home/student/Projects/Building-Oregon/jetty/solr/blacklight-core/data/
1852 [coreLoadExecutor-5-thread-1] INFO  org.apache.solr.core.SolrCore  – JMX monitoring not detected for core: blacklight-core
1859 [coreLoadExecutor-5-thread-1] INFO  org.apache.solr.core.CachingDirectoryFactory  – return new directory for /home/student/Projects/Building-Oregon/jetty/solr/blacklight-core/data
1862 [coreLoadExecutor-5-thread-1] INFO  org.apache.solr.core.SolrCore  – New index directory detected: old=null new=/home/student/Projects/Building-Oregon/jetty/solr/blacklight-core/data/index/
1862 [coreLoadExecutor-5-thread-1] WARN  org.apache.solr.core.SolrCore  – [blacklight-core] Solr index directory '/home/student/Projects/Building-Oregon/jetty/solr/blacklight-core/data/index' doesn't exist. Creating new index...
1867 [coreLoadExecutor-5-thread-1] INFO  org.apache.solr.core.CachingDirectoryFactory  – return new directory for /home/student/Projects/Building-Oregon/jetty/solr/blacklight-core/data/index
1920 [coreLoadExecutor-5-thread-1] INFO  org.apache.solr.core.SolrCore  – SolrDeletionPolicy.onCommit: commits: num=1
	commit{dir=/home/student/Projects/Building-Oregon/jetty/solr/blacklight-core/data/index,segFN=segments_1,generation=1}
1921 [coreLoadExecutor-5-thread-1] INFO  org.apache.solr.core.SolrCore  – newest commit generation = 1
1965 [coreLoadExecutor-5-thread-1] INFO  org.apache.solr.core.SolrCore  – no updateRequestProcessorChain defined as default, creating implicit default
1967 [coreLoadExecutor-5-thread-1] INFO  org.apache.solr.core.RequestHandlers  – adding lazy requestHandler: solr.ReplicationHandler
1967 [coreLoadExecutor-5-thread-1] INFO  org.apache.solr.core.RequestHandlers  – created /replication: solr.ReplicationHandler
1969 [coreLoadExecutor-5-thread-1] INFO  org.apache.solr.core.RequestHandlers  – created standard: solr.StandardRequestHandler
1969 [coreLoadExecutor-5-thread-1] INFO  org.apache.solr.core.RequestHandlers  – adding lazy requestHandler: solr.FieldAnalysisRequestHandler
1969 [coreLoadExecutor-5-thread-1] INFO  org.apache.solr.core.RequestHandlers  – created /analysis/field: solr.FieldAnalysisRequestHandler
1971 [coreLoadExecutor-5-thread-1] INFO  org.apache.solr.core.RequestHandlers  – created /update: solr.UpdateRequestHandler
1971 [coreLoadExecutor-5-thread-1] INFO  org.apache.solr.core.RequestHandlers  – created /admin/: org.apache.solr.handler.admin.AdminHandlers
1972 [coreLoadExecutor-5-thread-1] INFO  org.apache.solr.core.RequestHandlers  – created /admin/ping: solr.PingRequestHandler
1974 [coreLoadExecutor-5-thread-1] INFO  org.apache.solr.core.RequestHandlers  – created search: solr.SearchHandler
1975 [coreLoadExecutor-5-thread-1] INFO  org.apache.solr.core.RequestHandlers  – created document: solr.SearchHandler
1975 [coreLoadExecutor-5-thread-1] INFO  org.apache.solr.core.RequestHandlers  – created advanced: solr.SearchHandler
1983 [coreLoadExecutor-5-thread-1] INFO  org.apache.solr.handler.loader.XMLLoader  – xsltCacheLifetimeSeconds=60
1989 [coreLoadExecutor-5-thread-1] INFO  org.apache.solr.core.SolrCore  – Hard AutoCommit: disabled
1989 [coreLoadExecutor-5-thread-1] INFO  org.apache.solr.core.SolrCore  – Soft AutoCommit: disabled
1993 [coreLoadExecutor-5-thread-1] INFO  org.apache.solr.core.SolrCore  – SolrDeletionPolicy.onInit: commits: num=1
	commit{dir=/home/student/Projects/Building-Oregon/jetty/solr/blacklight-core/data/index,segFN=segments_1,generation=1}
1993 [coreLoadExecutor-5-thread-1] INFO  org.apache.solr.core.SolrCore  – newest commit generation = 1
1997 [coreLoadExecutor-5-thread-1] INFO  org.apache.solr.search.SolrIndexSearcher  – Opening Searcher@16bd1f19[blacklight-core] main
2000 [coreLoadExecutor-5-thread-1] INFO  org.apache.solr.rest.ManagedResourceStorage  – File-based storage initialized to use dir: /home/student/Projects/Building-Oregon/jetty/solr/blacklight-core/conf
2000 [coreLoadExecutor-5-thread-1] INFO  org.apache.solr.rest.RestManager  – Initializing RestManager with initArgs: {storageDir=/home/student/Projects/Building-Oregon/jetty/solr/blacklight-core/conf/}
2006 [coreLoadExecutor-5-thread-1] INFO  org.apache.solr.rest.ManagedResourceStorage  – Reading _rest_managed.json using file:dir=/home/student/Projects/Building-Oregon/jetty/solr/blacklight-core/conf
2006 [coreLoadExecutor-5-thread-1] WARN  org.apache.solr.rest.ManagedResource  – No stored data found for /rest/managed
2006 [coreLoadExecutor-5-thread-1] WARN  org.apache.solr.rest.ManagedResource  – No registered observers for /rest/managed
2006 [coreLoadExecutor-5-thread-1] INFO  org.apache.solr.rest.RestManager  – Initializing 0 registered ManagedResources
2006 [coreLoadExecutor-5-thread-1] INFO  org.apache.solr.handler.component.SpellCheckComponent  – Initializing spell checkers
2020 [coreLoadExecutor-5-thread-1] INFO  org.apache.solr.handler.component.SpellCheckComponent  – Registering newSearcher listener for spellchecker: default
2031 [coreLoadExecutor-5-thread-1] INFO  org.apache.solr.handler.component.SpellCheckComponent  – Registering newSearcher listener for spellchecker: author
2042 [coreLoadExecutor-5-thread-1] INFO  org.apache.solr.handler.component.SpellCheckComponent  – Registering newSearcher listener for spellchecker: subject
2053 [coreLoadExecutor-5-thread-1] INFO  org.apache.solr.handler.component.SpellCheckComponent  – Registering newSearcher listener for spellchecker: title
2054 [coreLoadExecutor-5-thread-1] INFO  org.apache.solr.handler.component.SpellCheckComponent  – No queryConverter defined, using default converter
2068 [coreLoadExecutor-5-thread-1] INFO  org.apache.solr.core.CoreContainer  – registering core: blacklight-core
2068 [searcherExecutor-6-thread-1] INFO  org.apache.solr.core.SolrCore  – [blacklight-core] Registered new searcher Searcher@16bd1f19[blacklight-core] main{StandardDirectoryReader(segments_1:1:nrt)}
2069 [main] INFO  org.apache.solr.servlet.SolrDispatchFilter  – user.dir=/home/student/Projects/Building-Oregon/jetty
2070 [main] INFO  org.apache.solr.servlet.SolrDispatchFilter  – SolrDispatchFilter.init() done
2085 [main] INFO  org.eclipse.jetty.server.AbstractConnector  – Started SocketConnector@0.0.0.0:8983
9004 [qtp849012681-16] INFO  org.apache.solr.core.SolrCore  – UnInverted multi-valued field {field=pub_date,memSize=4288,tindexSize=0,time=0,phase1=0,nTerms=0,bigTerms=0,termInstances=0,uses=0}
9004 [qtp849012681-16] INFO  org.apache.solr.core.SolrCore  – UnInverted multi-valued field {field=subject_topic_facet,memSize=4288,tindexSize=0,time=0,phase1=0,nTerms=0,bigTerms=0,termInstances=0,uses=0}
9004 [qtp849012681-16] INFO  org.apache.solr.core.SolrCore  – UnInverted multi-valued field {field=language_facet,memSize=4288,tindexSize=0,time=0,phase1=0,nTerms=0,bigTerms=0,termInstances=0,uses=0}
9004 [qtp849012681-16] INFO  org.apache.solr.core.SolrCore  – UnInverted multi-valued field {field=lc_1letter_facet,memSize=4288,tindexSize=0,time=0,phase1=0,nTerms=0,bigTerms=0,termInstances=0,uses=0}
9005 [qtp849012681-16] INFO  org.apache.solr.core.SolrCore  – UnInverted multi-valued field {field=subject_geo_facet,memSize=4288,tindexSize=0,time=0,phase1=0,nTerms=0,bigTerms=0,termInstances=0,uses=0}
9005 [qtp849012681-16] INFO  org.apache.solr.core.SolrCore  – UnInverted multi-valued field {field=subject_era_facet,memSize=4288,tindexSize=0,time=0,phase1=0,nTerms=0,bigTerms=0,termInstances=0,uses=0}
9006 [qtp849012681-16] INFO  org.apache.solr.core.SolrCore  – [blacklight-core] webapp=/solr path=/select params={facet=true&sort=score+desc,+pub_date_sort+desc,+title_sort+asc&facet.query=pub_date:[2009+TO+*]&facet.query=pub_date:[2004+TO+*]&facet.query=pub_date:[1989+TO+*]&f.subject_topic_facet.facet.limit=21&f.language_facet.facet.limit=11&facet.field=format&facet.field={!ex%3Dpub_date_single}pub_date&facet.field=subject_topic_facet&facet.field=language_facet&facet.field=lc_1letter_facet&facet.field=subject_geo_facet&facet.field=subject_era_facet&qt=search&wt=ruby&facet.pivot=format,language_facet&rows=10} hits=0 status=0 QTime=48 
644581 [qtp849012681-14] INFO  org.apache.solr.core.SolrCore  – [blacklight-core] webapp=/solr path=/select params={facet=true&sort=score+desc,+pub_date_sort+desc,+title_sort+asc&facet.query=pub_date:[2009+TO+*]&facet.query=pub_date:[2004+TO+*]&facet.query=pub_date:[1989+TO+*]&f.subject_topic_facet.facet.limit=21&f.language_facet.facet.limit=11&facet.field=format&facet.field={!ex%3Dpub_date_single}pub_date&facet.field=subject_topic_facet&facet.field=language_facet&facet.field=lc_1letter_facet&facet.field=subject_geo_facet&facet.field=subject_era_facet&qt=search&wt=ruby&facet.pivot=format,language_facet&rows=10} hits=0 status=0 QTime=3 
662382 [qtp849012681-19] INFO  org.apache.solr.core.SolrCore  – [blacklight-core] webapp=/solr path=/select params={facet=true&sort=score+desc,+pub_date_sort+desc,+title_sort+asc&facet.query=pub_date:[2009+TO+*]&facet.query=pub_date:[2004+TO+*]&facet.query=pub_date:[1989+TO+*]&f.subject_topic_facet.facet.limit=21&f.language_facet.facet.limit=11&facet.field=format&facet.field={!ex%3Dpub_date_single}pub_date&facet.field=subject_topic_facet&facet.field=language_facet&facet.field=lc_1letter_facet&facet.field=subject_geo_facet&facet.field=subject_era_facet&qt=search&wt=ruby&facet.pivot=format,language_facet&rows=10} hits=0 status=0 QTime=2 
665854 [qtp849012681-16] INFO  org.apache.solr.core.SolrCore  – [blacklight-core] webapp=/solr path=/select params={facet=true&sort=score+desc,+pub_date_sort+desc,+title_sort+asc&facet.query=pub_date:[2009+TO+*]&facet.query=pub_date:[2004+TO+*]&facet.query=pub_date:[1989+TO+*]&f.subject_topic_facet.facet.limit=21&f.language_facet.facet.limit=11&facet.field=format&facet.field={!ex%3Dpub_date_single}pub_date&facet.field=subject_topic_facet&facet.field=language_facet&facet.field=lc_1letter_facet&facet.field=subject_geo_facet&facet.field=subject_era_facet&qt=search&wt=ruby&facet.pivot=format,language_facet&rows=10} hits=0 status=0 QTime=3 
667017 [qtp849012681-14] INFO  org.apache.solr.core.SolrCore  – [blacklight-core] webapp=/solr path=/select params={facet=true&sort=score+desc,+pub_date_sort+desc,+title_sort+asc&facet.query=pub_date:[2009+TO+*]&facet.query=pub_date:[2004+TO+*]&facet.query=pub_date:[1989+TO+*]&f.subject_topic_facet.facet.limit=21&f.language_facet.facet.limit=11&facet.field=format&facet.field={!ex%3Dpub_date_single}pub_date&facet.field=subject_topic_facet&facet.field=language_facet&facet.field=lc_1letter_facet&facet.field=subject_geo_facet&facet.field=subject_era_facet&qt=search&wt=ruby&facet.pivot=format,language_facet&rows=10} hits=0 status=0 QTime=3 
669359 [qtp849012681-12] INFO  org.apache.solr.core.SolrCore  – [blacklight-core] webapp=/solr path=/select params={facet=true&sort=score+desc,+pub_date_sort+desc,+title_sort+asc&facet.query=pub_date:[2009+TO+*]&facet.query=pub_date:[2004+TO+*]&facet.query=pub_date:[1989+TO+*]&f.subject_topic_facet.facet.limit=21&f.language_facet.facet.limit=11&facet.field=format&facet.field={!ex%3Dpub_date_single}pub_date&facet.field=subject_topic_facet&facet.field=language_facet&facet.field=lc_1letter_facet&facet.field=subject_geo_facet&facet.field=subject_era_facet&qt=search&wt=ruby&facet.pivot=format,language_facet&rows=10} hits=0 status=0 QTime=2 
677071 [qtp849012681-13] INFO  org.apache.solr.core.SolrCore  – [blacklight-core] webapp=/solr path=/select params={facet=true&sort=score+desc,+pub_date_sort+desc,+title_sort+asc&facet.query=pub_date:[2009+TO+*]&facet.query=pub_date:[2004+TO+*]&facet.query=pub_date:[1989+TO+*]&f.subject_topic_facet.facet.limit=21&f.language_facet.facet.limit=11&facet.field=format&facet.field={!ex%3Dpub_date_single}pub_date&facet.field=subject_topic_facet&facet.field=language_facet&facet.field=lc_1letter_facet&facet.field=subject_geo_facet&facet.field=subject_era_facet&qt=search&wt=ruby&facet.pivot=format,language_facet&rows=10} hits=0 status=0 QTime=2 
836484 [qtp849012681-17] INFO  org.apache.solr.core.SolrCore  – [blacklight-core] webapp=/solr path=/select params={facet=true&sort=score+desc,+pub_date_sort+desc,+title_sort+asc&facet.query=pub_date:[2009+TO+*]&facet.query=pub_date:[2004+TO+*]&facet.query=pub_date:[1989+TO+*]&f.subject_topic_facet.facet.limit=21&f.language_facet.facet.limit=11&facet.field=format&facet.field={!ex%3Dpub_date_single}pub_date&facet.field=subject_topic_facet&facet.field=language_facet&facet.field=lc_1letter_facet&facet.field=subject_geo_facet&facet.field=subject_era_facet&qt=search&wt=ruby&facet.pivot=format,language_facet&rows=10} hits=0 status=0 QTime=2 
839473 [qtp849012681-11] INFO  org.apache.solr.core.SolrCore  – [blacklight-core] webapp=/solr path=/select params={facet=true&sort=score+desc,+pub_date_sort+desc,+title_sort+asc&facet.query=pub_date:[2009+TO+*]&facet.query=pub_date:[2004+TO+*]&facet.query=pub_date:[1989+TO+*]&f.subject_topic_facet.facet.limit=21&f.language_facet.facet.limit=11&facet.field=format&facet.field={!ex%3Dpub_date_single}pub_date&facet.field=subject_topic_facet&facet.field=language_facet&facet.field=lc_1letter_facet&facet.field=subject_geo_facet&facet.field=subject_era_facet&qt=search&wt=ruby&facet.pivot=format,language_facet&rows=10} hits=0 status=0 QTime=2 
858019 [qtp849012681-17] INFO  org.apache.solr.core.SolrCore  – [blacklight-core] webapp=/solr path=/select params={facet=true&sort=score+desc,+pub_date_sort+desc,+title_sort+asc&facet.query=pub_date:[2009+TO+*]&facet.query=pub_date:[2004+TO+*]&facet.query=pub_date:[1989+TO+*]&f.subject_topic_facet.facet.limit=21&f.language_facet.facet.limit=11&facet.field=format&facet.field={!ex%3Dpub_date_single}pub_date&facet.field=subject_topic_facet&facet.field=language_facet&facet.field=lc_1letter_facet&facet.field=subject_geo_facet&facet.field=subject_era_facet&qt=search&wt=ruby&facet.pivot=format,language_facet&rows=10} hits=0 status=0 QTime=3 
887122 [qtp849012681-11] INFO  org.apache.solr.core.SolrCore  – [blacklight-core] webapp=/solr path=/select params={facet=true&sort=score+desc,+pub_date_sort+desc,+title_sort+asc&facet.query=pub_date:[2009+TO+*]&facet.query=pub_date:[2004+TO+*]&facet.query=pub_date:[1989+TO+*]&f.subject_topic_facet.facet.limit=21&f.language_facet.facet.limit=11&facet.field=format&facet.field={!ex%3Dpub_date_single}pub_date&facet.field=subject_topic_facet&facet.field=language_facet&facet.field=lc_1letter_facet&facet.field=subject_geo_facet&facet.field=subject_era_facet&qt=search&wt=ruby&facet.pivot=format,language_facet&rows=10} hits=0 status=0 QTime=2 
913963 [qtp849012681-13] INFO  org.apache.solr.core.SolrCore  – [blacklight-core] webapp=/solr path=/select params={facet=true&sort=score+desc,+pub_date_sort+desc,+title_sort+asc&facet.query=pub_date:[2009+TO+*]&facet.query=pub_date:[2004+TO+*]&facet.query=pub_date:[1989+TO+*]&f.subject_topic_facet.facet.limit=21&f.language_facet.facet.limit=11&facet.field=format&facet.field={!ex%3Dpub_date_single}pub_date&facet.field=subject_topic_facet&facet.field=language_facet&facet.field=lc_1letter_facet&facet.field=subject_geo_facet&facet.field=subject_era_facet&qt=search&wt=ruby&facet.pivot=format,language_facet&rows=10} hits=0 status=0 QTime=2 
934191 [qtp849012681-11] INFO  org.apache.solr.core.SolrCore  – [blacklight-core] webapp=/solr path=/select params={facet=true&sort=score+desc,+pub_date_sort+desc,+title_sort+asc&facet.query=pub_date:[2009+TO+*]&facet.query=pub_date:[2004+TO+*]&facet.query=pub_date:[1989+TO+*]&f.subject_topic_facet.facet.limit=21&f.language_facet.facet.limit=11&facet.field=format&facet.field={!ex%3Dpub_date_single}pub_date&facet.field=subject_topic_facet&facet.field=language_facet&facet.field=lc_1letter_facet&facet.field=subject_geo_facet&facet.field=subject_era_facet&qt=search&wt=ruby&facet.pivot=format,language_facet&rows=10} hits=0 status=0 QTime=2 
1036679 [qtp849012681-17] INFO  org.apache.solr.core.SolrCore  – [blacklight-core] webapp=/solr path=/select params={facet=true&sort=score+desc,+pub_date_sort+desc,+title_sort+asc&facet.query=pub_date:[2009+TO+*]&facet.query=pub_date:[2004+TO+*]&facet.query=pub_date:[1989+TO+*]&f.subject_topic_facet.facet.limit=21&f.language_facet.facet.limit=11&facet.field=format&facet.field={!ex%3Dpub_date_single}pub_date&facet.field=subject_topic_facet&facet.field=language_facet&facet.field=lc_1letter_facet&facet.field=subject_geo_facet&facet.field=subject_era_facet&qt=search&wt=ruby&facet.pivot=format,language_facet&rows=10} hits=0 status=0 QTime=2 
1044227 [qtp849012681-11] INFO  org.apache.solr.core.SolrCore  – [blacklight-core] webapp=/solr path=/select params={facet=true&sort=score+desc,+pub_date_sort+desc,+title_sort+asc&facet.query=pub_date:[2009+TO+*]&facet.query=pub_date:[2004+TO+*]&facet.query=pub_date:[1989+TO+*]&f.subject_topic_facet.facet.limit=21&f.language_facet.facet.limit=11&facet.field=format&facet.field={!ex%3Dpub_date_single}pub_date&facet.field=subject_topic_facet&facet.field=language_facet&facet.field=lc_1letter_facet&facet.field=subject_geo_facet&facet.field=subject_era_facet&qt=search&wt=ruby&facet.pivot=format,language_facet&rows=10} hits=0 status=0 QTime=2 
1059119 [qtp849012681-18] INFO  org.apache.solr.core.SolrCore  – [blacklight-core] webapp=/solr path=/select params={facet=true&sort=score+desc,+pub_date_sort+desc,+title_sort+asc&facet.query=pub_date:[2009+TO+*]&facet.query=pub_date:[2004+TO+*]&facet.query=pub_date:[1989+TO+*]&f.subject_topic_facet.facet.limit=21&f.language_facet.facet.limit=11&facet.field=format&facet.field={!ex%3Dpub_date_single}pub_date&facet.field=subject_topic_facet&facet.field=language_facet&facet.field=lc_1letter_facet&facet.field=subject_geo_facet&facet.field=subject_era_facet&qt=search&wt=ruby&facet.pivot=format,language_facet&rows=10} hits=0 status=0 QTime=2 
1144606 [qtp849012681-16] INFO  org.apache.solr.core.SolrCore  – [blacklight-core] webapp=/solr path=/select params={facet=true&sort=score+desc,+pub_date_sort+desc,+title_sort+asc&facet.query=pub_date:[2009+TO+*]&facet.query=pub_date:[2004+TO+*]&facet.query=pub_date:[1989+TO+*]&f.subject_topic_facet.facet.limit=21&f.language_facet.facet.limit=11&facet.field=format&facet.field={!ex%3Dpub_date_single}pub_date&facet.field=subject_topic_facet&facet.field=language_facet&facet.field=lc_1letter_facet&facet.field=subject_geo_facet&facet.field=subject_era_facet&qt=search&wt=ruby&facet.pivot=format,language_facet&rows=10} hits=0 status=0 QTime=2 
1170829 [qtp849012681-18] INFO  org.apache.solr.core.SolrCore  – [blacklight-core] webapp=/solr path=/select params={facet=true&sort=score+desc,+pub_date_sort+desc,+title_sort+asc&facet.query=pub_date:[2009+TO+*]&facet.query=pub_date:[2004+TO+*]&facet.query=pub_date:[1989+TO+*]&f.subject_topic_facet.facet.limit=21&f.language_facet.facet.limit=11&facet.field=format&facet.field={!ex%3Dpub_date_single}pub_date&facet.field=subject_topic_facet&facet.field=language_facet&facet.field=lc_1letter_facet&facet.field=subject_geo_facet&facet.field=subject_era_facet&qt=search&wt=ruby&facet.pivot=format,language_facet&rows=10} hits=0 status=0 QTime=2 
